<?xml version="1.0" encoding="UTF-8"?>
<!-- Generated by org.testng.reporters.JUnitReportReporter -->
<testsuite skipped="0" hostname="DESKTOP-CDR1OJJ" name="test.TestFormSubmit" tests="1" failures="0" timestamp="25 Sep 2018 17:52:57 GMT" time="9.020" errors="0">
  <testcase name="test" time="9.020" classname="test.TestFormSubmit"/>
</testsuite> <!-- test.TestFormSubmit -->
